cuda
BasicVAE1(
  (fc1): Linear(in_features=64, out_features=20, bias=True)
  (encoder): Sequential(
    (0): Conv2d(1, 64, kernel_size=(4, 4), stride=(2, 2), padding=(1, 1), bias=False)
    (1): LeakyReLU(negative_slope=0.2, inplace=True)
    (2): Conv2d(64, 128, kernel_size=(4, 4), stride=(2, 2), padding=(1, 1), bias=False)
    (3): BatchNorm2d(128, eps=1e-05, momentum=0.1, affine=True, track_running_stats=True)
    (4): LeakyReLU(negative_slope=0.2, inplace=True)
    (5): Conv2d(128, 256, kernel_size=(3, 3), stride=(2, 2), padding=(1, 1), bias=False)
    (6): BatchNorm2d(256, eps=1e-05, momentum=0.1, affine=True, track_running_stats=True)
    (7): LeakyReLU(negative_slope=0.2, inplace=True)
    (8): Conv2d(256, 1024, kernel_size=(3, 3), stride=(2, 2), bias=False)
    (9): LeakyReLU(negative_slope=0.2, inplace=True)
  )
  (fc2): Linear(in_features=1024, out_features=512, bias=True)
  (fc31): Linear(in_features=512, out_features=50, bias=True)
  (fc32): Linear(in_features=512, out_features=50, bias=True)
  (decoder): Sequential(
    (0): ConvTranspose2d(1024, 512, kernel_size=(4, 4), stride=(1, 1), bias=False)
    (1): BatchNorm2d(512, eps=1e-05, momentum=0.1, affine=True, track_running_stats=True)
    (2): ReLU(inplace=True)
    (3): ConvTranspose2d(512, 256, kernel_size=(4, 4), stride=(2, 2), padding=(1, 1), bias=False)
    (4): BatchNorm2d(256, eps=1e-05, momentum=0.1, affine=True, track_running_stats=True)
    (5): ReLU(inplace=True)
    (6): ConvTranspose2d(256, 128, kernel_size=(4, 4), stride=(2, 2), padding=(1, 1), bias=False)
    (7): BatchNorm2d(128, eps=1e-05, momentum=0.1, affine=True, track_running_stats=True)
    (8): ReLU(inplace=True)
    (9): ConvTranspose2d(128, 1, kernel_size=(4, 4), stride=(2, 2), padding=(1, 1), bias=False)
    (10): Sigmoid()
  )
  (fc4): Linear(in_features=50, out_features=512, bias=True)
  (fc5): Linear(in_features=512, out_features=1024, bias=True)
  (relu): ReLU()
)
batch_size= 40
n_epochs= 40
init_lr= 1e-05
loading training dataset ... ...
900  proteins in hand
train dataset len:  308360
train loader size:  7709
successfully loaded training dataset ... ...
loading validation dataset ... ...
300  proteins in hand
val dataset len: 111784
val loader size:  2795
successfully loaded validation dataset ... ...
Starting epoch 1/41
epoch:1/41, train_loss: 30210.3105469
learning rate:  1e-05
Starting epoch 2/41
epoch:2/41, train_loss: 29410.2773438
learning rate:  1e-05
Starting epoch 3/41
epoch:3/41, train_loss: 28391.4218750
learning rate:  1e-05
Starting epoch 4/41
epoch:4/41, train_loss: 28391.3164062
learning rate:  1e-05
Starting testing epoch 4/41
epoch:4/41, val_loss: 28387.2500000
Updating best val loss: 28387.2500000
Starting epoch 5/41
epoch:5/41, train_loss: 28391.3164062
learning rate:  1e-05
Starting epoch 6/41
epoch:6/41, train_loss: 28391.3164062
learning rate:  1e-05
Starting epoch 7/41
epoch:7/41, train_loss: 28391.3164062
learning rate:  1e-05
Starting epoch 8/41
epoch:8/41, train_loss: 28391.3164062
learning rate:  1e-05
Starting testing epoch 8/41
epoch:8/41, val_loss: 28387.2500000
Starting epoch 9/41
epoch:9/41, train_loss: 28391.3164062
learning rate:  1e-05
Starting epoch 10/41
epoch:10/41, train_loss: 28391.3164062
learning rate:  1e-05
Starting epoch 11/41
epoch:11/41, train_loss: 28391.3164062
learning rate:  1e-05
Starting epoch 12/41
epoch:12/41, train_loss: 28391.3164062
learning rate:  1e-05
Starting testing epoch 12/41
epoch:12/41, val_loss: 28387.2500000
Starting epoch 13/41
epoch:13/41, train_loss: 28391.3164062
learning rate:  1e-05
Starting epoch 14/41
epoch:14/41, train_loss: 28391.3164062
learning rate:  1e-05
Starting epoch 15/41
epoch:15/41, train_loss: 28391.3164062
learning rate:  1e-05
Starting epoch 16/41
epoch:16/41, train_loss: 28391.3164062
learning rate:  1e-05
Starting testing epoch 16/41
epoch:16/41, val_loss: 28387.2500000
Starting epoch 17/41
epoch:17/41, train_loss: 28391.3164062
learning rate:  1e-05
Starting epoch 18/41
epoch:18/41, train_loss: 28391.3164062
learning rate:  1e-05
Starting epoch 19/41
epoch:19/41, train_loss: 28391.3164062
learning rate:  1e-05
Starting epoch 20/41
epoch:20/41, train_loss: 28391.3164062
learning rate:  1e-05
Starting testing epoch 20/41
epoch:20/41, val_loss: 28387.2500000
Starting epoch 21/41
epoch:21/41, train_loss: 28391.3164062
learning rate:  1e-05
Starting epoch 22/41
epoch:22/41, train_loss: 28391.3164062
learning rate:  1e-05
Starting epoch 23/41
epoch:23/41, train_loss: 28391.3164062
learning rate:  1e-05
Starting epoch 24/41
epoch:24/41, train_loss: 28391.3164062
learning rate:  1e-05
Starting testing epoch 24/41
epoch:24/41, val_loss: 28387.2500000
Starting epoch 25/41
epoch:25/41, train_loss: 28391.3164062
learning rate:  1e-05
Starting epoch 26/41
epoch:26/41, train_loss: 28391.3164062
learning rate:  1e-05
Starting epoch 27/41
epoch:27/41, train_loss: 28391.3164062
learning rate:  1e-05
Starting epoch 28/41
epoch:28/41, train_loss: 28391.3164062
learning rate:  1e-05
Starting testing epoch 28/41
epoch:28/41, val_loss: 28387.2500000
Starting epoch 29/41
epoch:29/41, train_loss: 28391.3164062
learning rate:  1e-05
Starting epoch 30/41
epoch:30/41, train_loss: 28391.3164062
learning rate:  1e-05
Starting epoch 31/41
epoch:31/41, train_loss: 28391.3164062
learning rate:  1e-05
Starting epoch 32/41
epoch:32/41, train_loss: 28391.3164062
learning rate:  1e-05
Starting testing epoch 32/41
epoch:32/41, val_loss: 28387.2500000
Starting epoch 33/41
epoch:33/41, train_loss: 28391.3164062
learning rate:  1e-05
Starting epoch 34/41
epoch:34/41, train_loss: 28391.3164062
learning rate:  1e-05
Starting epoch 35/41
epoch:35/41, train_loss: 28391.3164062
learning rate:  1e-05
Starting epoch 36/41
epoch:36/41, train_loss: 28391.3164062
learning rate:  1e-05
Starting testing epoch 36/41
epoch:36/41, val_loss: 28387.2500000
Starting epoch 37/41
epoch:37/41, train_loss: 28391.3164062
learning rate:  1e-05
Starting epoch 38/41
epoch:38/41, train_loss: 28391.3164062
learning rate:  1e-05
Starting epoch 39/41
epoch:39/41, train_loss: 28391.3164062
learning rate:  1e-05
Starting epoch 40/41
epoch:40/41, train_loss: 28391.3164062
learning rate:  1e-05
Starting testing epoch 40/41
epoch:40/41, val_loss: 28387.2500000
[30210.310546875, 29410.27734375, 28391.421875, 28391.31640625, 28391.31640625, 28391.31640625, 28391.31640625, 28391.31640625, 28391.31640625, 28391.31640625, 28391.31640625, 28391.31640625, 28391.31640625, 28391.31640625, 28391.31640625, 28391.31640625, 28391.31640625, 28391.31640625, 28391.31640625, 28391.31640625, 28391.31640625, 28391.31640625, 28391.31640625, 28391.31640625, 28391.31640625, 28391.31640625, 28391.31640625, 28391.31640625, 28391.31640625, 28391.31640625, 28391.31640625, 28391.31640625, 28391.31640625, 28391.31640625, 28391.31640625, 28391.31640625, 28391.31640625, 28391.31640625, 28391.31640625, 28391.31640625]
[28387.25, 28387.25, 28387.25, 28387.25, 28387.25, 28387.25, 28387.25, 28387.25, 28387.25, 28387.25]
